 4129.628   63.1151      0.00 0.296E-01
 4129.632   63.1151      0.00 0.889E-01
 4129.645   63.1151      0.00 0.466E-01
 4129.650   63.1151      0.00 0.102E+00
 4129.653   63.1151      0.00 0.296E-01
 4129.670   63.1151      0.00 0.533E-01
 4129.676   63.1151      0.00 0.137E+00
 4129.680   63.1151      0.00 0.466E-01
 4129.703   63.1151      0.00 0.490E-01
 4129.709   63.1151      0.00 0.194E+00
 4129.715   63.1151      0.00 0.533E-01
 4129.744   63.1151      0.00 0.319E-01
 4129.751   63.1151      0.00 0.275E+00
 4129.757   63.1151      0.00 0.490E-01
 4129.801   63.1151      0.00 0.383E+00
 4129.807   63.1151      0.00 0.319E-01
 4204.908   63.1151      0.00 0.624E-01
 4204.911   63.1151      0.00 0.312E-01
 4204.917   63.1151      0.00 0.347E-02
 4204.934   63.1151      0.00 0.935E-01
 4204.939   63.1151      0.00 0.475E-01
 4204.946   63.1151      0.00 0.446E-02
 4204.971   63.1151      0.00 0.136E+00
 4204.978   63.1151      0.00 0.545E-01
 4204.987   63.1151      0.00 0.347E-02
 4205.019   63.1151      0.00 0.191E+00
 4205.028   63.1151      0.00 0.504E-01
 4205.038   63.1151      0.00 0.157E-02
 4205.077   63.1151      0.00 0.258E+00
 4205.088   63.1151      0.00 0.330E-01
 4205.147   63.1151      0.00 0.340E+00
