 3845.457   27.00 59  7442.399   -0.663                          100.0
-3845.462   27.00 59  7442.399   -0.768
-3845.465   27.00 59  7442.399   -0.884
-3845.469   27.00 59  7442.399   -1.013
-3845.472   27.00 59  7442.399   -1.159
-3845.475   27.00 59  7442.399   -1.329
-3845.475   27.00 59  7442.399   -1.671
-3845.477   27.00 59  7442.399   -1.533
-3845.477   27.00 59  7442.399   -1.460
-3845.478   27.00 59  7442.399   -1.387
-3845.479   27.00 59  7442.399   -1.796
-3845.480   27.00 59  7442.399   -1.381
-3845.481   27.00 59  7442.399   -1.729
-3845.481   27.00 59  7442.399   -1.533
-3845.481   27.00 59  7442.399   -1.428
-3845.485   27.00 59  7442.399   -2.428
-3845.487   27.00 59  7442.399   -2.273
-3845.488   27.00 59  7442.399   -2.273
-3845.489   27.00 59  7442.399   -2.370
-3845.490   27.00 59  7442.399   -2.574
-3845.490   27.00 59  7442.399   -2.972
 4118.764   27.00 59  8460.783   -1.623                          100.0
-4118.764   27.00 59  8460.783   -1.425
-4118.764   27.00 59  8460.783   -1.261
-4118.764   27.00 59  8460.783   -1.120
-4118.766   27.00 59  8460.783   -1.878
-4118.769   27.00 59  8460.783   -2.266
-4118.779   27.00 59  8460.783   -2.011
-4118.781   27.00 59  8460.783   -1.823
-4118.784   27.00 59  8460.783   -2.296
-4118.785   27.00 59  8460.783   -1.732
-4118.789   27.00 59  8460.783   -1.710
-4118.792   27.00 59  8460.783   -2.266
-4118.795   27.00 59  8460.783   -1.764
-4118.800   27.00 59  8460.783   -2.317
-4118.801   27.00 59  8460.783   -1.960
-4118.810   27.00 59  8460.783   -2.442
-4118.821   27.00 59  8460.783   -2.664
-4118.832   27.00 59  8460.783   -3.074
